{
  "stats": {
    "suites": 1,
    "tests": 1,
    "passes": 0,
    "pending": 0,
    "failures": 1,
    "start": "2023-04-19T09:11:06.012Z",
    "end": "2023-04-19T09:11:41.716Z",
    "duration": 35704,
    "testsRegistered": 1,
    "passPercent": 0,
    "pendingPercent": 0,
    "other": 0,
    "hasOther": false,
    "skipped": 0,
    "hasSkipped": false
  },
  "results": [
    {
      "uuid": "271d054c-90ea-4280-b4c8-54bbdef93235",
      "title": "",
      "fullFile": "cypress/e2e/UF-001-create-app-delete-app.spec.ts",
      "file": "cypress/e2e/UF-001-create-app-delete-app.spec.ts",
      "beforeHooks": [],
      "afterHooks": [],
      "tests": [],
      "suites": [
        {
          "uuid": "868d0118-1495-4364-96ba-204340e5fa7d",
          "title": "Create new app and delete the appWed Apr 19 2023 14:41:05 GMT+0530 (India Standard Time)",
          "fullFile": "",
          "file": "",
          "beforeHooks": [],
          "afterHooks": [],
          "tests": [
            {
              "title": "UF001: Create the app and delete the app",
              "fullTitle": "Create new app and delete the appWed Apr 19 2023 14:41:05 GMT+0530 (India Standard Time) UF001: Create the app and delete the app",
              "timedOut": null,
              "duration": 35669,
              "state": "failed",
              "speed": null,
              "pass": false,
              "fail": true,
              "pending": false,
              "context": null,
              "code": "cy.visit(\"/login\");\nloginpage.login();\nvar appName = \"New App123\";\n// Create the app\nmyAppspage.selectBlankTemplate();\nmyAppspage.enterNameinNameTxtBx(appName);\nmyAppspage.clickOnCreateAppBtn();\n// Verif the app\nappPage.verifyTitleOfTheApp(appName);\nappPage.verifyPublishBtn();\nappPage.navigateToMyWorkSpace();\nmyAppspage.searchWithAppName(appName);\nmyAppspage.openTheExistingApp(appName);\nappPage.verifyTitleOfTheApp(appName);\n// Delete the app\nappPage.navigateToMyWorkSpace();\nmyAppspage.searchWithAppName(appName);\nmyAppspage.delteTheApp(appName);\n// Verify the app\ncy.reload();\nmyAppspage.searchWithAppName(appName);\nmyAppspage.verifyAppNotExistInApps(appName);",
              "err": {
                "message": "CypressError: `cy.click()` can only be called on a single element. Your subject contained 2 elements. Pass `{ multiple: true }` if you want to serially click each element.\n\nhttps://on.cypress.io/click",
                "estack": "CypressError: `cy.click()` can only be called on a single element. Your subject contained 2 elements. Pass `{ multiple: true }` if you want to serially click each element.\n\nhttps://on.cypress.io/click\n    at mouseAction (https://www.uiflow-stage.com/__cypress/runner/cypress_runner.js:132254:76)\n    at Context.click (https://www.uiflow-stage.com/__cypress/runner/cypress_runner.js:132418:14)\n    at wrapped (https://www.uiflow-stage.com/__cypress/runner/cypress_runner.js:151038:19)\nFrom Your Spec Code:\n    at MyAppsPage.openTheExistingApp (webpack:///./cypress/support/PageObjects/MyAppsPage.ts:40:103)\n    at Context.eval (webpack:///./cypress/e2e/UF-001-create-app-delete-app.spec.ts:44:15)",
                "diff": null
              },
              "uuid": "3f411bc3-d6d8-45df-8997-05b978cedb33",
              "parentUUID": "868d0118-1495-4364-96ba-204340e5fa7d",
              "isHook": false,
              "skipped": false
            }
          ],
          "suites": [],
          "passes": [],
          "failures": [
            "3f411bc3-d6d8-45df-8997-05b978cedb33"
          ],
          "pending": [],
          "skipped": [],
          "duration": 35669,
          "root": false,
          "rootEmpty": false,
          "_timeout": 2000
        }
      ],
      "passes": [],
      "failures": [],
      "pending": [],
      "skipped": [],
      "duration": 0,
      "root": true,
      "rootEmpty": true,
      "_timeout": 2000
    }
  ],
  "meta": {
    "mocha": {
      "version": "7.0.1"
    },
    "mochawesome": {
      "options": {
        "quiet": false,
        "reportFilename": "mochawesome",
        "saveHtml": false,
        "saveJson": true,
        "consoleReporter": "spec",
        "useInlineDiffs": false,
        "code": true
      },
      "version": "7.1.3"
    },
    "marge": {
      "options": {
        "id": "default",
        "reportDir": "cypress/reports/mocha",
        "quite": true,
        "overwrite": false,
        "html": false,
        "json": true,
        "charts": true
      },
      "version": "6.2.0"
    }
  }
}