{
  "stats": {
    "suites": 1,
    "tests": 1,
    "passes": 0,
    "pending": 0,
    "failures": 1,
    "start": "2023-04-19T09:11:42.837Z",
    "end": "2023-04-19T09:12:13.930Z",
    "duration": 31093,
    "testsRegistered": 1,
    "passPercent": 0,
    "pendingPercent": 0,
    "other": 0,
    "hasOther": false,
    "skipped": 0,
    "hasSkipped": false
  },
  "results": [
    {
      "uuid": "06816c89-cf3e-4dc0-9ee3-506a663ad0f4",
      "title": "",
      "fullFile": "cypress/e2e/UF-002-create-and-validate-connection.spec.ts",
      "file": "cypress/e2e/UF-002-create-and-validate-connection.spec.ts",
      "beforeHooks": [],
      "afterHooks": [],
      "tests": [],
      "suites": [
        {
          "uuid": "2caf7ecb-dbc5-4011-8c36-251a85b8e4a1",
          "title": "UF002: Create and validate a collection.Wed Apr 19 2023 14:41:42 GMT+0530 (India Standard Time)",
          "fullFile": "",
          "file": "",
          "beforeHooks": [],
          "afterHooks": [],
          "tests": [
            {
              "title": "UF002: Create and validate a collection.",
              "fullTitle": "UF002: Create and validate a collection.Wed Apr 19 2023 14:41:42 GMT+0530 (India Standard Time) UF002: Create and validate a collection.",
              "timedOut": null,
              "duration": 31067,
              "state": "failed",
              "speed": null,
              "pass": false,
              "fail": true,
              "pending": false,
              "context": null,
              "code": "cy.visit(\"/login\");\nloginpage.login();\nvar appName = \"New App\" + new Date().getTime();\nvar firstComponentName = \"Get First Product\";\n// Create the app\nmyAppspage.createTheApp(appName);\nappPage.verifyPublishBtn();\n// Create Rest API Connection\ncy.switchToTestMode();\nappPage.clickOnConnectBtn();\nconnectPage.clickOnAddNewDataConnectionBtn();\nconnectPage.clickOnRestAPIAddConnectionBtn();\n// Add an action \nconnectPage.typeInConnectionNameTxtBx('Products');\nconnectPage.typeInConnectionUrlTxtBx(\"https://fakestoreapi.com\");\nconnectPage.typeInActionNameTxtBx(firstComponentName);\nconnectPage.typeInActionPathTxtBx('/products/1');\nconnectPage.verifyActionInExistingActions(firstComponentName);\nconnectPage.clickOnSendBtn();\nconnectPage.selectTheCheckBox('id');\nconnectPage.selectTheCheckBox('title');\n// Add another action\ncy.wait(4000);\nconnectPage.clickOnAddNewActionBtn();\nconnectPage.typeInActionNameTxtBx(\"Get All Product\");\nconnectPage.typeInActionPathTxtBx('/products');\nconnectPage.verifyActionInExistingActions(\"Get All Product\");\nconnectPage.clickOnSendBtn();\nconnectPage.selectTheCheckBox('id', 0);\nconnectPage.selectTheCheckBox('id', 1);\ncy.wait(2000);\nconnectPage.clickOnPublishToLogicBtn();\n// Connect components in logic screen \nlogicPage.dragTheComponent(firstComponentName);\nlogicPage.addHomeLayer();\nlogicPage.connectTwoComponentsNodes(firstComponentName, 'call', 'Home', 'onPageLoad');\nlogicPage.clickOnPreviewReload();\nlogicPage.clickOnIdObjectOfComponent(firstComponentName);\nlogicPage.verifyToolTipValue('1');\nlogicPage.clickOnTitleObjectOfComponent(firstComponentName);\nlogicPage.verifyToolTipValue('Fjallraven - Foldsack No. 1 Backpack, Fits 15 Laptops');\nlogicPage.clickOnResponseObjectOfComponent(firstComponentName);\nlogicPage.verifyLineInToolTipValue('\"id\": 1,');\n//logicPage.verifyLineInToolTipValue('\"title\": \"Fjallraven - Foldsack No. 1 Backpack, Fits 15 Laptops\",');\n// logicPage.verifyCheckBoxIsCheckedInResponse('id');\n// logicPage.verifyCheckBoxIsCheckedInResponse('title');\n// Delete the app\ncy.reload();\nappPage.navigateToMyWorkSpace();\nmyAppspage.searchWithAppName(appName);\nmyAppspage.delteTheApp(appName);",
              "err": {
                "message": "AssertionError: Timed out retrying after 30000ms: Expected to find element: `input[type=\"email\"]`, but never found it.",
                "estack": "AssertionError: Timed out retrying after 30000ms: Expected to find element: `input[type=\"email\"]`, but never found it.\n    at Context.eval (webpack:///./cypress/support/commands-object-actions.ts:122:28)",
                "diff": null
              },
              "uuid": "9958f739-7639-4b40-ac61-e8ff6fe4dc55",
              "parentUUID": "2caf7ecb-dbc5-4011-8c36-251a85b8e4a1",
              "isHook": false,
              "skipped": false
            }
          ],
          "suites": [],
          "passes": [],
          "failures": [
            "9958f739-7639-4b40-ac61-e8ff6fe4dc55"
          ],
          "pending": [],
          "skipped": [],
          "duration": 31067,
          "root": false,
          "rootEmpty": false,
          "_timeout": 2000
        }
      ],
      "passes": [],
      "failures": [],
      "pending": [],
      "skipped": [],
      "duration": 0,
      "root": true,
      "rootEmpty": true,
      "_timeout": 2000
    }
  ],
  "meta": {
    "mocha": {
      "version": "7.0.1"
    },
    "mochawesome": {
      "options": {
        "quiet": false,
        "reportFilename": "mochawesome",
        "saveHtml": false,
        "saveJson": true,
        "consoleReporter": "spec",
        "useInlineDiffs": false,
        "code": true
      },
      "version": "7.1.3"
    },
    "marge": {
      "options": {
        "id": "default",
        "reportDir": "cypress/reports/mocha",
        "quite": true,
        "overwrite": false,
        "html": false,
        "json": true,
        "charts": true
      },
      "version": "6.2.0"
    }
  }
}