{
  "stats": {
    "suites": 1,
    "tests": 1,
    "passes": 0,
    "pending": 0,
    "failures": 1,
    "start": "2023-04-19T09:05:44.785Z",
    "end": "2023-04-19T09:06:46.171Z",
    "duration": 61386,
    "testsRegistered": 1,
    "passPercent": 0,
    "pendingPercent": 0,
    "other": 0,
    "hasOther": false,
    "skipped": 0,
    "hasSkipped": false
  },
  "results": [
    {
      "uuid": "b71dd9d7-546e-49ce-9456-9413286214c6",
      "title": "",
      "fullFile": "cypress/e2e/UF-001-create-app-delete-app.spec.ts",
      "file": "cypress/e2e/UF-001-create-app-delete-app.spec.ts",
      "beforeHooks": [],
      "afterHooks": [],
      "tests": [],
      "suites": [
        {
          "uuid": "d29d7c04-749d-4094-a6bd-9479185f67fb",
          "title": "Create new app and delete the appWed Apr 19 2023 14:35:44 GMT+0530 (India Standard Time)",
          "fullFile": "",
          "file": "",
          "beforeHooks": [],
          "afterHooks": [],
          "tests": [
            {
              "title": "UF001: Create the app and delete the app",
              "fullTitle": "Create new app and delete the appWed Apr 19 2023 14:35:44 GMT+0530 (India Standard Time) UF001: Create the app and delete the app",
              "timedOut": null,
              "duration": 61356,
              "state": "failed",
              "speed": null,
              "pass": false,
              "fail": true,
              "pending": false,
              "context": null,
              "code": "cy.visit(\"/login\");\nloginpage.login();\nvar appName = \"New App123\";\n// Create the app\nmyAppspage.selectBlankTemplate();\nmyAppspage.enterNameinNameTxtBx(appName);\nmyAppspage.clickOnCreateAppBtn();\n// Verif the app\nappPage.verifyTitleOfTheApp(appName);\nappPage.verifyPublishBtn();\nappPage.navigateToMyWorkSpace();\nmyAppspage.searchWithAppName(appName);\nmyAppspage.openTheExistingApp(appName);\nappPage.verifyTitleOfTheApp(appName);\n// Delete the app\nappPage.navigateToMyWorkSpace();\nmyAppspage.searchWithAppName(appName);\nmyAppspage.delteTheApp(appName);\n// Verify the app\ncy.reload();\nmyAppspage.searchWithAppName(appName);\nmyAppspage.verifyAppNotExistInApps(appName);",
              "err": {
                "message": "AssertionError: Timed out retrying after 30000ms: Expected to find element: `[placeholder=\"Search apps\"]`, but never found it.",
                "estack": "AssertionError: Timed out retrying after 30000ms: Expected to find element: `[placeholder=\"Search apps\"]`, but never found it.\n    at Context.eval (webpack:///./cypress/support/commands-object-actions.ts:122:28)",
                "diff": null
              },
              "uuid": "123d5b1d-0520-4a5a-9a8f-969e339a0837",
              "parentUUID": "d29d7c04-749d-4094-a6bd-9479185f67fb",
              "isHook": false,
              "skipped": false
            }
          ],
          "suites": [],
          "passes": [],
          "failures": [
            "123d5b1d-0520-4a5a-9a8f-969e339a0837"
          ],
          "pending": [],
          "skipped": [],
          "duration": 61356,
          "root": false,
          "rootEmpty": false,
          "_timeout": 2000
        }
      ],
      "passes": [],
      "failures": [],
      "pending": [],
      "skipped": [],
      "duration": 0,
      "root": true,
      "rootEmpty": true,
      "_timeout": 2000
    }
  ],
  "meta": {
    "mocha": {
      "version": "7.0.1"
    },
    "mochawesome": {
      "options": {
        "quiet": false,
        "reportFilename": "mochawesome",
        "saveHtml": false,
        "saveJson": true,
        "consoleReporter": "spec",
        "useInlineDiffs": false,
        "code": true
      },
      "version": "7.1.3"
    },
    "marge": {
      "options": {
        "id": "default",
        "reportDir": "cypress/reports/mocha",
        "quite": true,
        "overwrite": false,
        "html": false,
        "json": true,
        "charts": true
      },
      "version": "6.2.0"
    }
  }
}