{
  "stats": {
    "suites": 1,
    "tests": 1,
    "passes": 0,
    "pending": 0,
    "failures": 1,
    "start": "2023-04-19T09:06:47.290Z",
    "end": "2023-04-19T09:07:37.356Z",
    "duration": 50066,
    "testsRegistered": 1,
    "passPercent": 0,
    "pendingPercent": 0,
    "other": 0,
    "hasOther": false,
    "skipped": 0,
    "hasSkipped": false
  },
  "results": [
    {
      "uuid": "cdb781c3-5f3e-41b0-a256-eec3a03827ab",
      "title": "",
      "fullFile": "cypress/e2e/UF-002-create-and-validate-connection.spec.ts",
      "file": "cypress/e2e/UF-002-create-and-validate-connection.spec.ts",
      "beforeHooks": [],
      "afterHooks": [],
      "tests": [],
      "suites": [
        {
          "uuid": "a81875c6-d7eb-42a7-9dab-54c44708d768",
          "title": "UF002: Create and validate a collection.Wed Apr 19 2023 14:36:47 GMT+0530 (India Standard Time)",
          "fullFile": "",
          "file": "",
          "beforeHooks": [],
          "afterHooks": [],
          "tests": [
            {
              "title": "UF002: Create and validate a collection.",
              "fullTitle": "UF002: Create and validate a collection.Wed Apr 19 2023 14:36:47 GMT+0530 (India Standard Time) UF002: Create and validate a collection.",
              "timedOut": null,
              "duration": 50014,
              "state": "failed",
              "speed": null,
              "pass": false,
              "fail": true,
              "pending": false,
              "context": null,
              "code": "cy.visit(\"/login\");\nloginpage.login();\nvar appName = \"New App\" + new Date().getTime();\nvar firstComponentName = \"Get First Product\";\n// Create the app\nmyAppspage.createTheApp(appName);\nappPage.verifyPublishBtn();\n// Create Rest API Connection\ncy.switchToTestMode();\nappPage.clickOnConnectBtn();\nconnectPage.clickOnAddNewDataConnectionBtn();\nconnectPage.clickOnRestAPIAddConnectionBtn();\n// Add an action \nconnectPage.typeInConnectionNameTxtBx('Products');\nconnectPage.typeInConnectionUrlTxtBx(\"https://fakestoreapi.com\");\nconnectPage.typeInActionNameTxtBx(firstComponentName);\nconnectPage.typeInActionPathTxtBx('/products/1');\nconnectPage.verifyActionInExistingActions(firstComponentName);\nconnectPage.clickOnSendBtn();\nconnectPage.selectTheCheckBox('id');\nconnectPage.selectTheCheckBox('title');\n// Add another action\ncy.wait(4000);\nconnectPage.clickOnAddNewActionBtn();\nconnectPage.typeInActionNameTxtBx(\"Get All Product\");\nconnectPage.typeInActionPathTxtBx('/products');\nconnectPage.verifyActionInExistingActions(\"Get All Product\");\nconnectPage.clickOnSendBtn();\nconnectPage.selectTheCheckBox('id', 0);\nconnectPage.selectTheCheckBox('id', 1);\ncy.wait(2000);\nconnectPage.clickOnPublishToLogicBtn();\n// Connect components in logic screen \nlogicPage.dragTheComponent(firstComponentName);\nlogicPage.addHomeLayer();\nlogicPage.connectTwoComponentsNodes(firstComponentName, 'call', 'Home', 'onPageLoad');\nlogicPage.clickOnPreviewReload();\nlogicPage.clickOnIdObjectOfComponent(firstComponentName);\nlogicPage.verifyToolTipValue('1');\nlogicPage.clickOnTitleObjectOfComponent(firstComponentName);\nlogicPage.verifyToolTipValue('Fjallraven - Foldsack No. 1 Backpack, Fits 15 Laptops');\nlogicPage.clickOnResponseObjectOfComponent(firstComponentName);\nlogicPage.verifyLineInToolTipValue('\"id\": 1,');\n//logicPage.verifyLineInToolTipValue('\"title\": \"Fjallraven - Foldsack No. 1 Backpack, Fits 15 Laptops\",');\n// logicPage.verifyCheckBoxIsCheckedInResponse('id');\n// logicPage.verifyCheckBoxIsCheckedInResponse('title');\n// Delete the app\ncy.reload();\nappPage.navigateToMyWorkSpace();\nmyAppspage.searchWithAppName(appName);\nmyAppspage.delteTheApp(appName);",
              "err": {
                "message": "CypressError: The following error originated from your test code, not from Cypress.\n\n  > Cypress detected that you returned a promise from a command while also invoking one or more cy commands in that promise.\n\nThe command that returned the promise was:\n\n  > `cy.click()`\n\nThe cy command you invoked inside the promise was:\n\n  > `cy.log()`\n\nBecause Cypress commands are already promise-like, you don't need to wrap them or return your own promise.\n\nCypress will resolve your command with whatever the final Cypress command yields.\n\nThe reason this is an error instead of a warning is because Cypress internally queues commands serially whereas Promises execute as soon as they are invoked. Attempting to reconcile this would prevent Cypress from ever resolving.\n\nWhen Cypress detects uncaught errors originating from your test code it will automatically fail the current test.\n\nhttps://on.cypress.io/returning-promise-and-commands-in-another-command",
                "estack": "CypressError: The following error originated from your test code, not from Cypress.\n\n  > Cypress detected that you returned a promise from a command while also invoking one or more cy commands in that promise.\n\nThe command that returned the promise was:\n\n  > `cy.click()`\n\nThe cy command you invoked inside the promise was:\n\n  > `cy.log()`\n\nBecause Cypress commands are already promise-like, you don't need to wrap them or return your own promise.\n\nCypress will resolve your command with whatever the final Cypress command yields.\n\nThe reason this is an error instead of a warning is because Cypress internally queues commands serially whereas Promises execute as soon as they are invoked. Attempting to reconcile this would prevent Cypress from ever resolving.\n\nWhen Cypress detects uncaught errors originating from your test code it will automatically fail the current test.\n\nhttps://on.cypress.io/returning-promise-and-commands-in-another-command\n    at cy.<computed> [as log] (https://www.uiflow-stage.com/__cypress/runner/cypress_runner.js:151085:72)\n    at listener (https://www.uiflow-stage.com/__cypress/runner/cypress_runner.js:155036:19)\n    at arrayMap (https://www.uiflow-stage.com/__cypress/runner/cypress_runner.js:25745:23)\n    at map (https://www.uiflow-stage.com/__cypress/runner/cypress_runner.js:34714:14)\n    at $Cypress.<anonymous> (https://www.uiflow-stage.com/__cypress/runner/cypress_runner.js:155038:14)\n    at parent.<computed> [as emitMap] (https://www.uiflow-stage.com/__cypress/runner/cypress_runner.js:154997:31)\n    at $Cypress.action (https://www.uiflow-stage.com/__cypress/runner/cypress_runner.js:147611:21)\n    at $Cy.onUncaughtException (https://www.uiflow-stage.com/__cypress/runner/cypress_runner.js:151199:38)\n    at <unknown> (https://www.uiflow-stage.com/__cypress/runner/cypress_runner.js:151375:28)\nFrom Your Spec Code:\n    at ConnectPage.clickOnSendBtn (webpack:///./cypress/support/PageObjects/ConectPage.ts:59:25)\n    at Context.eval (webpack:///./cypress/e2e/UF-002-create-and-validate-connection.spec.ts:55:16)",
                "diff": null
              },
              "uuid": "bf970716-815a-4327-b89d-b03dfc6499f7",
              "parentUUID": "a81875c6-d7eb-42a7-9dab-54c44708d768",
              "isHook": false,
              "skipped": false
            }
          ],
          "suites": [],
          "passes": [],
          "failures": [
            "bf970716-815a-4327-b89d-b03dfc6499f7"
          ],
          "pending": [],
          "skipped": [],
          "duration": 50014,
          "root": false,
          "rootEmpty": false,
          "_timeout": 2000
        }
      ],
      "passes": [],
      "failures": [],
      "pending": [],
      "skipped": [],
      "duration": 0,
      "root": true,
      "rootEmpty": true,
      "_timeout": 2000
    }
  ],
  "meta": {
    "mocha": {
      "version": "7.0.1"
    },
    "mochawesome": {
      "options": {
        "quiet": false,
        "reportFilename": "mochawesome",
        "saveHtml": false,
        "saveJson": true,
        "consoleReporter": "spec",
        "useInlineDiffs": false,
        "code": true
      },
      "version": "7.1.3"
    },
    "marge": {
      "options": {
        "id": "default",
        "reportDir": "cypress/reports/mocha",
        "quite": true,
        "overwrite": false,
        "html": false,
        "json": true,
        "charts": true
      },
      "version": "6.2.0"
    }
  }
}